<?xml version="1.0" encoding="UTF-8"?>
<!-- Generated by org.testng.reporters.JUnitReportReporter -->
<testsuite hostname="7fcf16a2c29f55c" failures="0" tests="1" name="com.parabank.tests.LoginTests" time="5.141" errors="0" timestamp="2025-09-26T02:49:00 IST" skipped="0">
  <testcase classname="com.parabank.tests.LoginTests" name="testValidLogin" time="5.141"/>
</testsuite> <!-- com.parabank.tests.LoginTests -->
